0 info it worked if it ends with ok
1 verbose cli [ '/usr/local/bin/node', '/usr/local/bin/npm', 'run', 'startt' ]
2 info using npm@3.10.1
3 info using node@v5.10.1
4 verbose run-script [ 'prestartt', 'startt', 'poststartt' ]
5 info lifecycle twitter@1.0.0~prestartt: twitter@1.0.0
6 silly lifecycle twitter@1.0.0~prestartt: no script for prestartt, continuing
7 info lifecycle twitter@1.0.0~startt: twitter@1.0.0
8 verbose lifecycle twitter@1.0.0~startt: unsafe-perm in lifecycle true
9 verbose lifecycle twitter@1.0.0~startt: PATH: /usr/local/lib/node_modules/npm/bin/node-gyp-bin:/Users/wuyue/Documents/Code/node/twitter/node_modules/.bin:/usr/local/bin:/Users/wuyue/.rvm/gems/ruby-2.2.1/bin:/Users/wuyue/.rvm/gems/ruby-2.2.1@global/bin:/Users/wuyue/.rvm/rubies/ruby-2.2.1/bin:/Library/Frameworks/Python.framework/Versions/2.7/bin:/usr/local/bin:/usr/bin:/bin:/usr/sbin:/sbin:/opt/X11/bin:/usr/local/go/bin:/Users/wuyue/.rvm/bin:/usr/local/mysql/bin
10 verbose lifecycle twitter@1.0.0~startt: CWD: /Users/wuyue/Documents/Code/node/twitter
11 silly lifecycle twitter@1.0.0~startt: Args: [ '-c', 'node server' ]
12 silly lifecycle twitter@1.0.0~startt: Returned: code: 1  signal: null
13 info lifecycle twitter@1.0.0~startt: Failed to exec startt script
14 verbose stack Error: twitter@1.0.0 startt: `node server`
14 verbose stack Exit status 1
14 verbose stack     at EventEmitter.<anonymous> (/usr/local/lib/node_modules/npm/lib/utils/lifecycle.js:242:16)
14 verbose stack     at emitTwo (events.js:100:13)
14 verbose stack     at EventEmitter.emit (events.js:185:7)
14 verbose stack     at ChildProcess.<anonymous> (/usr/local/lib/node_modules/npm/lib/utils/spawn.js:40:14)
14 verbose stack     at emitTwo (events.js:100:13)
14 verbose stack     at ChildProcess.emit (events.js:185:7)
14 verbose stack     at maybeClose (internal/child_process.js:850:16)
14 verbose stack     at Process.ChildProcess._handle.onexit (internal/child_process.js:215:5)
15 verbose pkgid twitter@1.0.0
16 verbose cwd /Users/wuyue/Documents/Code/node/twitter
17 error Darwin 15.5.0
18 error argv "/usr/local/bin/node" "/usr/local/bin/npm" "run" "startt"
19 error node v5.10.1
20 error npm  v3.10.1
21 error code ELIFECYCLE
22 error twitter@1.0.0 startt: `node server`
22 error Exit status 1
23 error Failed at the twitter@1.0.0 startt script 'node server'.
23 error Make sure you have the latest version of node.js and npm installed.
23 error If you do, this is most likely a problem with the twitter package,
23 error not with npm itself.
23 error Tell the author that this fails on your system:
23 error     node server
23 error You can get information on how to open an issue for this project with:
23 error     npm bugs twitter
23 error Or if that isn't available, you can get their info via:
23 error     npm owner ls twitter
23 error There is likely additional logging output above.
24 verbose exit [ 1, true ]
